{"level":"warn","message":"URL: /infoaaaaaaaaaaa - Method: GET - Status: 404"}
{"level":"warn","message":"URL: /infoaaaaaaaaaaa - Method: GET - Status: 404"}
{"level":"warn","message":"URL: /infoaaaaaaaaaaa - Method: GET - Status: 404"}
{"level":"warn","message":"URL: /favicon.ico - Method: GET - Status: 404"}
{"level":"warn","message":"URL: /infoaaaaaaaaaaa - Method: GET - Status: 404"}
{"level":"warn","message":"URL: /favicon.ico - Method: GET - Status: 404"}
{"level":"warn","message":"URL: /infoaaaaaaaaaaa - Method: GET - Status: 404"}
{"level":"warn","message":"URL: /favicon.ico - Method: GET - Status: 404"}
{"level":"warn","message":"URL: /infoaaaaaaaaaaa - Method: GET - Status: 404"}
{"level":"warn","message":"URL: /infoaaaaaaaaaaa - Method: GET - Status: 404"}
{"level":"warn","message":"URL: /infoaaaaaaaaaaa - Method: GET - Status: null"}
{"level":"warn","message":"URL: /favicon.ico - Method: GET - Status: null"}
{"level":"warn","message":"URL: /favicon.ico - Method: GET - Status: 404"}
{"level":"warn","message":"URL: /favicon.ico - Method: GET - Status: 404"}
{"level":"warn","message":"URL: /login - Method: GET - Status: 404"}
{"level":"warn","message":"URL: /favicon.ico - Method: GET - Status: 404"}
{"level":"warn","message":"URL: /favicon.ico - Method: GET - Status: 404"}
{"level":"warn","message":"URL: /favicon.ico - Method: GET - Status: 404"}
{"level":"warn","message":"URL: /favicon.ico - Method: GET - Status: 404"}
{"level":"warn","message":"URL: /favicon.ico - Method: GET - Status: 404"}
{"level":"warn","message":"URL: /favicon.ico - Method: GET - Status: 404"}
{"level":"warn","message":"URL: /favicon.ico - Method: GET - Status: 404"}
